  Account.cpp
  BA_checking.cpp
  BA_savings.cpp
  BusinessAccount.cpp
  CAPersonal.cpp
  Driver.cpp
  FCABusiness.cpp
C:\Program Files (x86)\Microsoft Visual Studio\2019\Community\VC\Tools\MSVC\14.25.28610\include\utility(151,1): warning C4244: 'initializing': conversion from '_Ty' to '_Ty2', possible loss of data
          with
          [
              _Ty=double
          ]
          and
          [
              _Ty2=int
          ]
C:\Users\anast\Documents\Fall_2020\C++\CopyBank\BankATM\BankATM\FCABusiness.h(31): message : see reference to function template instantiation 'std::pair<const std::string,int>::pair<const char(&)[4],double,0>(_Other1,_Other2 &&) noexcept(false)' being compiled
          with
          [
              _Other1=const char (&)[4],
              _Other2=double
          ]
C:\Users\anast\Documents\Fall_2020\C++\CopyBank\BankATM\BankATM\FCABusiness.h(25): message : see reference to function template instantiation 'std::pair<const std::string,int>::pair<const char(&)[4],double,0>(_Other1,_Other2 &&) noexcept(false)' being compiled
          with
          [
              _Other1=const char (&)[4],
              _Other2=double
          ]
  HVCABusiness.cpp
  PersonalAccount.cpp
  PersonalCD.cpp
  PersonalMoneyMarket.cpp
  SAPersonal.cpp
  Transaction.cpp
  Generating Code...
  BankATM.vcxproj -> C:\Users\anast\Documents\Fall_2020\C++\CopyBank\BankATM\x64\Debug\BankATM.exe
